  ## WARNING: 2D MESHES PARTIALLY SUPPORTED !
  ## WARNING: NO TETRAHEDRON
 fefloa_Python2Mesh : 2d mesh on input 
 fefloa_Python2Mesh : leaving with 16724 ver. 32971 tri. 475 edg. 
  -- Maximal memory 
  Maximum number of Points                   6400000 
  Maximun number of Bnd Points               1280000
  Maximum number of Triangles                2560000 
  Maximum number of Tetrahedra              35200000 
  Allocated Memory 5.960 Gb 
  Physical Memory  7.521 Gb
  bounding box x: 0 1 y: 0 1 z: 0 0 
 amg_updateadapsurf : nsurf 1 nline 6
       16724 Vertex 
       16724 Boundary Vertices   
           0 Tetrahedra   
       32971 Triangles  
         475 Edges  
           1 Surface(s) 
   0 MULTI-CONNECTED 475 OPENED EDGES DETECTED 
  ## WARNING: GEOMETRY ENRICHMENT (CORNERS) DEACTIVATED 
  ## WARNING: GEOMETRY ENRICHMENT (RIDGES)  DEACTIVATED 
  Metric set to size 0.02 
  -- Time for IOs :  real 0.028s 	 user 0.028s 	 sys  0.000s
  ## WARNING: 2D MESHES PARTIALLY SUPPORTED !
  Reading back mesh /home/user/CFD2020/coolprop/shock/Pyamg/pr/adap/ini/amg_back.meshb
  ## WARNING FEFLOA_BACKMESH : 4 INPUT EDGES HAVE BEEN SPLIT TO ENSURE SMOOTHNESS IN P3 CAD 
  Reading background mesh     real 0.091s 	 user 0.083s 	 sys  0.008s
  Maximal distance corners to corners    3.081488e-33 
  Maximal distance lines   to lines      1.012402e-04 
    Point 5298 localized on edge 6920 6923 
  Maximal distance to background surface 0 
  16724 Surface metrics interpolated from back 
  16724 normals         interpolated from back 
  Building Octree     real 0.039s 	 user 0.011s 	 sys  0.028s
  Localisation        real 1.671s 	 user 1.587s 	 sys  0.084s
    
   Surface metric estimate 
   Metric-growth factor      1.00000000000000     
   no surface flagged for surface approximation 
     
   Recovering surface metric 
   Metric-growth factor      1.00000000000000     
   Minimal size on normal direction 
   no surface flagged for surface metric recovery  
   am_surf: end of module 
  
  (2) computing edge 
  nedge        72193
  nuref            1
  yplus, yplusdis   -1.00000000000000       -1.00000000000000     
  calling fields2met        16724       16724       32971           0
   
   
  fields2met : setting base  
  for hessian corrections : necor            0  npcor            0  ierro 
           0
   Solution min-max    1176624.64236109        1542918.39957191     
   Hessian recovery by L2-Projection 
   (Smooth-shock-recovery)
   No tangent-plane mapping 
   Recovering Gradiants/hessian cpu
   Recovering Gradiants/hessian cpu
   BL Hessian volume correction 
   Computing solution metric total cpu
   
   
           1   Solutions fields     
           1   Solutions in time    
           1   Metric-intersections 
   Metric(s) computation total cpu
   
   
  Computing surface density 
  total air   0.869999436207962        222093.150051067     
   Mesh-Gradation    1.20000004768372       law            3  iter. max. 
          50  fac.   5.000000000000000E-002
   * Mixed-Space  law gradation 
   # proc =            1
       17445  corrections done, size grad    1.20000004768372     
        5507  corrections done, size grad    1.25000004768372     
        2264  corrections done, size grad    1.30000004768372     
         839  corrections done, size grad    1.35000004768372     
         333  corrections done, size grad    1.40000004768372     
         123  corrections done, size grad    1.45000004768372     
          42  corrections done, size grad    1.50000004768372     
          18  corrections done, size grad    1.55000004768372     
           6  corrections done, size grad    1.60000004768372     
           4  corrections done, size grad    1.65000004768372     
           3  corrections done, size grad    1.70000004768372     
           1  corrections done, size grad    1.75000004768372     
           0  corrections done, size grad    1.80000004768372     
   Build LP surface metric  
     LP norm    	2.0 
     Complexity 	15000
     SizeMax    	0.02   
     Ratio-Max  	1e+10   
     Threshold complexity (all sizes at MaxSize) 108750 
     From pure Hessian  SizeMin 2.76329e-06	SizeMax 8798.82 	Complexity 1.78187e+06
     From Linf          SizeMin 3.01174e-05	SizeMax 95899.6
     From Lp            SizeMin 5.66378e-05	SizeMax 411.486
     Converging MinSize/MaxSize for Lp metric 
     Complexity 17616.1	Error 33.8732	MinSize 5.66378e-05	MaxSize 0.02	Max-Ratio 338.298
     MinSize(Lp)/MinSize(Linf)	1.88057
   Mesh gradation cpu time   real 0.261s	 user 0.261s	 sys  0.000s
  Computing surface density 
  total air   0.869999436207962        231546.147655755     
           0  truncated for min size    9.999999717180685E-010
           0  truncated for max size    1.999999955296516E-002
   Unit length target        0.940000000000000     
   Volume metric min size    6.879175700162706E-005
   Volume height target      1.123364687756789E-005
   Surface metric min size   6.879175700162706E-005
   Surface height target     1.123364687756789E-005
   Tet heights are controlled. Target :   1.123364687756789E-005
   
  -- Input mesh quality 
  Surface quality [   1.00102293330653        39.1756487969797      ]
          Aera    [  9.031874259166716E-008  3.169668753991631E-004 ]
  
  --------------------------------------- 
 |                                       |
 |         SURFACE MESH ADAPTATION       |
 |                                       |
  --------------------------------------- 
  projcad: nboun =        16724
  projcad: nboun =        16724  perform cad projection            0
           1  step            0  projected            0  rejected 
           0  points re-projected            0  rejected 
  maximal distance  to surface   8.005932084973442E-016  point        14595
  maximal ditstance to line      3.356589068483857E-016  point         6049
   Surface Mesh adaptation 
   
   -- Geometric deviation     1.00000000000000       on cad            0
      for face            5 =           1         399         126
           0  un-checked face 
  
                                ** PHASE 1.  
  
       17574 in front       3277 removed          0 inserted       2528 swapped          0 rejected 
        4603 in front       1078 removed          0 inserted        324 swapped          0 rejected 
        1318 in front        317 removed          0 inserted         92 swapped          0 rejected 
         292 in front         67 removed          0 inserted         24 swapped          0 rejected 
          31 in front          8 removed          0 inserted          3 swapped          0 rejected 
  
                                ** PHASE 2.  
  
         402 in front          0 removed        105 inserted         96 swapped          0 rejected 
         252 in front          0 removed         66 inserted         60 swapped          0 rejected 
  
                                ** PHASE 3.  
  
       38257 in front          0 removed       5698 inserted       2922 swapped       1841 rejected 
       30333 in front          0 removed       5293 inserted        948 swapped       1844 rejected 
       13673 in front          0 removed       2402 inserted        420 swapped       1578 rejected 
        2625 in front          0 removed        465 inserted         85 swapped        763 rejected 
         239 in front          0 removed         40 inserted         11 swapped        119 rejected 
          21 in front          0 removed          3 inserted          2 swapped          5 rejected 
  
     14072 inserted       4747 removed        7515 swapped           0 moved  unit  96.17%   quality         1.0        10.0  height   0.1000E+16
  
   -- Surface element quality
      Maximum     10.0100727473643       Elem.        58878
      Minimum     1.00070241249512       Elem.       139740
      Average     1.28751781099510     
   -- histogram 
         1  < Q < 2               51008        98.93 %
         2  < Q < 3                 340         0.66 %
         3  < Q < 4                  61         0.12 %
         4  < Q < 5                  48         0.09 %
         5  < Q < 6                  53         0.10 %
         6  < Q < 7                  19         0.04 %
         7  < Q < 8                  16         0.03 %
         8  < Q < 9                  12         0.02 %
         9  < Q < 10                  2         0.00 %
        10  < Q < 100                 1         0.00 %
   Frontal Surface Mesh optimisation 
     25475 moved     surface         1.0         7.8  0.3769E-05        38 rejected 
     25466 moved     surface         1.0         7.8  0.2040E-05         9 rejected 
     25459 moved     surface         1.0         7.9  0.1415E-05         7 rejected 
     25454 moved     surface         1.0         8.3  0.1104E-05         5 rejected 
  nswap           42  nface       144847
  
   Compressing data base
   Nbr BL-tets.            0
   npoi0        30796 nbou0      30796 nfac0     144847 nele0              0
   npoin        26049 nboun      26049 nface      51560 nelem              0
   
   -- Geometric deviation     1.00000000000000       on cad            0
      for face           11 =           9         108         110
           0  un-checked face 
   -- Surface element quality
      Maximum     3.00225847333935       Elem.        51531
      Minimum     1.00069442608721       Elem.        15141
      Average     1.18511501335505     
   -- histogram 
         1  < Q < 2               51528        99.94 %
         2  < Q < 3                  31         0.06 %
         3  < Q < 4                   1         0.00 %
  number of correction(s)            0
   surface remeshing cpu time   real 3.319s	 user 3.319s	 sys  0.000s
  
   Compressing data base
   Nbr BL-tets.            0
   npoi0        26049 nbou0      26049 nfac0      51560 nele0              0
   npoin        26049 nboun      26049 nface      51560 nelem              0
   
   -- Geometric deviation     1.00000000000000       on cad            0
      for face           11 =           9         108         110
           0  un-checked face 
   -- Riemannian Edges length  
      Max. R-length     2.18048095038405       Edge         7028       12677
      Min. R-length    0.298497203669392       Edge        12571        1250
      Average length     1.00320694242701     
   -- Unit length edges 
      0.71 < L < 1.41         105374        98.59 %
   -- histogram 
      0.20 < L < 0.50             16         0.01 %
      0.50 < L < 0.71           1086         1.02 %
      0.71 < L < 0.90          23968        22.42 %
      0.90 < L < 1.11          58631        54.86 %
      1.11 < L < 1.41          22775        21.31 %
      1.41 < L < 2.00            403         0.38 %
      2.00 < L < 5.00              2         0.00 %
   -- Euclidean Edges length  
      Max. E-length    2.981307818260836E-002  Edge         6789       12855
      Min. E-length    5.966334617556165E-005  Edge        12865       19511
   
   -- Surface element quality
      Maximum     3.00225847333935       Elem.        51531
      Minimum     1.00069442608721       Elem.        15141
      Average     1.18511501335505     
   -- histogram 
         1  < Q < 2               51528        99.94 %
         2  < Q < 3                  31         0.06 %
         3  < Q < 4                   1         0.00 %
   
   
   
  Interpolating solution on new mesh 
 NbSensor 16724 msh->npobk 16724 NbrTyp 8 msh->npoin 26049 
