  ## WARNING: 2D MESHES PARTIALLY SUPPORTED !
  ## WARNING: NO TETRAHEDRON
 fefloa_Python2Mesh : 2d mesh on input 
 fefloa_Python2Mesh : leaving with 40261 ver. 79754 tri. 766 edg. 
  -- Maximal memory 
  Maximum number of Points                   6400000 
  Maximun number of Bnd Points               1280000
  Maximum number of Triangles                2560000 
  Maximum number of Tetrahedra              35200000 
  Allocated Memory 5.960 Gb 
  Physical Memory  7.521 Gb
  bounding box x: 0 1 y: 0 1 z: 0 0 
 amg_updateadapsurf : nsurf 1 nline 6
       40261 Vertex 
       40261 Boundary Vertices   
           0 Tetrahedra   
       79754 Triangles  
         766 Edges  
           1 Surface(s) 
   0 MULTI-CONNECTED 766 OPENED EDGES DETECTED 
  ## WARNING: GEOMETRY ENRICHMENT (CORNERS) DEACTIVATED 
  ## WARNING: GEOMETRY ENRICHMENT (RIDGES)  DEACTIVATED 
  Metric set to size 0.02 
  -- Time for IOs :  real 0.054s 	 user 0.045s 	 sys  0.007s
  ## WARNING: 2D MESHES PARTIALLY SUPPORTED !
  Reading back mesh /home/user/CFD2020/coolprop/shock/Pyamg/pr/adap/ini/amg_back.meshb
  ## WARNING FEFLOA_BACKMESH : 4 INPUT EDGES HAVE BEEN SPLIT TO ENSURE SMOOTHNESS IN P3 CAD 
  Reading background mesh     real 0.081s 	 user 0.069s 	 sys  0.009s
  Maximal distance corners to corners    3.081488e-33 
  Maximal distance lines   to lines      2.482534e-16 
    Point 19292 localized on edge 19285 19292 
  Maximal distance to background surface 0 
  40261 Surface metrics interpolated from back 
  40261 normals         interpolated from back 
  Building Octree     real 0.034s 	 user 0.005s 	 sys  0.029s
  Localisation        real 1.497s 	 user 1.402s 	 sys  0.091s
    
   Surface metric estimate 
   Metric-growth factor      1.00000000000000     
   no surface flagged for surface approximation 
     
   Recovering surface metric 
   Metric-growth factor      1.00000000000000     
   Minimal size on normal direction 
   no surface flagged for surface metric recovery  
   am_surf: end of module 
  
  (2) computing edge 
  nedge       235499
  nuref            1
  yplus, yplusdis   -1.00000000000000       -1.00000000000000     
  calling fields2met        40261       40261       79754           0
   
   
  fields2met : setting base  
  for hessian corrections : necor            0  npcor            0  ierro 
           0
   Solution min-max    1223871.12222328        1499904.00150102     
   Hessian recovery by L2-Projection 
   (Smooth-shock-recovery)
   No tangent-plane mapping 
   Recovering Gradiants/hessian cpu
   Recovering Gradiants/hessian cpu
   BL Hessian volume correction 
   Computing solution metric total cpu
   
   
           1   Solutions fields     
           1   Solutions in time    
           1   Metric-intersections 
   Metric(s) computation total cpu
   
   
  Computing surface density 
  total air   0.869999999983359        97784.7146197218     
   Mesh-Gradation    1.20000004768372       law            3  iter. max. 
          50  fac.   5.000000000000000E-002
   * Mixed-Space  law gradation 
   # proc =            1
       14715  corrections done, size grad    1.20000004768372     
        4864  corrections done, size grad    1.25000004768372     
        1225  corrections done, size grad    1.30000004768372     
         231  corrections done, size grad    1.35000004768372     
          61  corrections done, size grad    1.40000004768372     
          12  corrections done, size grad    1.45000004768372     
           2  corrections done, size grad    1.50000004768372     
           0  corrections done, size grad    1.55000004768372     
   Build LP surface metric  
     LP norm    	2.0 
     Complexity 	10000
     SizeMax    	0.02   
     Ratio-Max  	1e+10   
     Threshold complexity (all sizes at MaxSize) 108750 
     From pure Hessian  SizeMin 1.85224e-05	SizeMax 15836.4 	Complexity 723071
     From Linf          SizeMin 0.000157502	SizeMax 134663
     From Lp            SizeMin 0.00025347	SizeMax 1717.83
     Converging MinSize/MaxSize for Lp metric 
     Complexity 13121.1	Error 29.4978	MinSize 0.000300497	MaxSize 0.02	Max-Ratio 62.0217
     MinSize(Lp)/MinSize(Linf)	1.90789
   Mesh gradation cpu time   real 0.460s	 user 0.460s	 sys  0.000s
  Computing surface density 
  total air   0.869999999983359        98438.5254636506     
           0  truncated for min size    9.999999717180685E-010
           0  truncated for max size    1.999999955296516E-002
   Unit length target        0.940000000000000     
   Volume metric min size    3.150948053298093E-004
   Volume height target      5.145476624397533E-005
   Surface metric min size   3.150948053298093E-004
   Surface height target     5.145476624397533E-005
   Tet heights are controlled. Target :   5.145476624397533E-005
   
  -- Input mesh quality 
  Surface quality [   1.00000000000001        27.5862452277916      ]
          Aera    [  3.893439254077106E-006  1.682463262156157E-005 ]
  
  --------------------------------------- 
 |                                       |
 |         SURFACE MESH ADAPTATION       |
 |                                       |
  --------------------------------------- 
  projcad: nboun =        40261
  projcad: nboun =        40261  perform cad projection            0
           1  step            0  projected            0  rejected 
           0  points re-projected            0  rejected 
  maximal distance  to surface   2.482534153247273E-016  point        17423
  maximal ditstance to line      3.510833468576701E-016  point        19292
   Surface Mesh adaptation 
   
   -- Geometric deviation     1.00000000000000       on cad            0
      for face           17 =           4        7015           5
           0  un-checked face 
  
                                ** PHASE 1.  
  
      136167 in front      28560 removed          0 inserted       6845 swapped         11 rejected 
       20994 in front       4974 removed          0 inserted       1201 swapped         10 rejected 
        7135 in front       1711 removed          0 inserted        495 swapped          2 rejected 
        2280 in front        556 removed          0 inserted        171 swapped          0 rejected 
         414 in front         98 removed          0 inserted         34 swapped          0 rejected 
          21 in front          6 removed          0 inserted          0 swapped          0 rejected 
  
                                ** PHASE 2.  
  
         432 in front          0 removed        108 inserted        108 swapped          0 rejected 
         286 in front          0 removed        100 inserted         43 swapped          0 rejected 
          72 in front          0 removed         32 inserted          4 swapped          0 rejected 
           2 in front          0 removed          1 inserted          0 swapped          0 rejected 
  
                                ** PHASE 3.  
  
       22260 in front          0 removed       2346 inserted       3364 swapped       1012 rejected 
       18421 in front          0 removed       2822 inserted       1190 swapped       1272 rejected 
       15472 in front          0 removed       2763 inserted        350 swapped        798 rejected 
       11671 in front          0 removed       2124 inserted        300 swapped        583 rejected 
        7340 in front          0 removed       1338 inserted        174 swapped        494 rejected 
        3117 in front          0 removed        566 inserted         61 swapped        310 rejected 
         806 in front          0 removed        147 inserted         22 swapped        117 rejected 
         100 in front          0 removed         17 inserted          3 swapped         43 rejected 
          22 in front          0 removed          4 inserted          0 swapped          1 rejected 
  
     12368 inserted      35905 removed       14365 swapped           0 moved  unit  95.59%   quality         1.0        19.5  height   0.1000E+16
  
   -- Surface element quality
      Maximum     19.5240980093237       Elem.       285761
      Minimum     1.00000000000020       Elem.       260432
      Average     1.41546327375225     
   -- histogram 
         1  < Q < 2               32274        97.89 %
         2  < Q < 3                  87         0.26 %
         3  < Q < 4                  33         0.10 %
         4  < Q < 5                  40         0.12 %
         5  < Q < 6                  40         0.12 %
         6  < Q < 7                  63         0.19 %
         7  < Q < 8                  37         0.11 %
         8  < Q < 9                  45         0.14 %
         9  < Q < 10                 65         0.20 %
        10  < Q < 100               287         0.87 %
   Frontal Surface Mesh optimisation 
     16154 moved     surface         1.0        19.2  0.6994E-05        95 rejected 
     16063 moved     surface         1.0        20.4  0.3863E-05        91 rejected 
     16024 moved     surface         1.0        20.7  0.2705E-05        39 rejected 
     16005 moved     surface         1.0        22.0  0.2133E-05        19 rejected 
  nswap          468  nface       329482
  
   Compressing data base
   Nbr BL-tets.            0
   npoi0        52629 nbou0      52629 nfac0     329482 nele0              0
   npoin        16724 nboun      16724 nface      32971 nelem              0
   
   -- Geometric deviation     1.00000000000000       on cad            0
      for face           14 =        1006        1007        1008
           0  un-checked face 
   -- Surface element quality
      Maximum     5.23501047045097       Elem.        32920
      Minimum     1.00037197470385       Elem.        16969
      Average     1.19361073577785     
   -- histogram 
         1  < Q < 2               32790        99.45 %
         2  < Q < 3                 143         0.43 %
         3  < Q < 4                  24         0.07 %
         4  < Q < 5                  13         0.04 %
         5  < Q < 6                   1         0.00 %
  number of correction(s)            0
   surface remeshing cpu time   real 3.014s	 user 3.006s	 sys  0.007s
  
   Compressing data base
   Nbr BL-tets.            0
   npoi0        16724 nbou0      16724 nfac0      32971 nele0              0
   npoin        16724 nboun      16724 nface      32971 nelem              0
   
   -- Geometric deviation     1.00000000000000       on cad            0
      for face           14 =        1006        1007        1008
           0  un-checked face 
   -- Riemannian Edges length  
      Max. R-length     2.35815800589931       Edge          713         719
      Min. R-length    0.150052343103789       Edge         5436       12377
      Average length    0.997937982208199     
   -- Unit length edges 
      0.71 < L < 1.41          70547        97.72 %
   -- histogram 
      0.00 < L < 0.20              9         0.01 %
      0.20 < L < 0.50            151         0.21 %
      0.50 < L < 0.71           1083         1.50 %
      0.71 < L < 0.90          17408        24.11 %
      0.90 < L < 1.11          37573        52.05 %
      1.11 < L < 1.41          15566        21.56 %
      1.41 < L < 2.00            397         0.55 %
      2.00 < L < 5.00              6         0.01 %
   -- Euclidean Edges length  
      Max. E-length    3.503168704657702E-002  Edge         1817        5538
      Min. E-length    2.529502944572585E-004  Edge        16542       12653
   
   -- Surface element quality
      Maximum     5.23501047045097       Elem.        32920
      Minimum     1.00037197470385       Elem.        16969
      Average     1.19361073577785     
   -- histogram 
         1  < Q < 2               32790        99.45 %
         2  < Q < 3                 143         0.43 %
         3  < Q < 4                  24         0.07 %
         4  < Q < 5                  13         0.04 %
         5  < Q < 6                   1         0.00 %
   
   
   
  Interpolating solution on new mesh 
 NbSensor 40261 msh->npobk 40261 NbrTyp 8 msh->npoin 16724 
